"../../../../../../Users/lenovo/Documents/Unreal Projects/Cragls/Content/Actors/Car/Vehicle/EcoConceptCar_Skeleton.uasset" 0
"../../../../../../Users/lenovo/Documents/Unreal Projects/Cragls/Content/Actors/Car/Vehicle/EcoConceptCarAnimationBlueprint.uasset" 1
"../../../../../../Users/lenovo/Documents/Unreal Projects/Cragls/Content/Materials/M_Beam.uasset" 2
"../../../../../../Users/lenovo/Documents/Unreal Projects/Cragls/Content/Actors/Car/P_EnergyCirlce.uasset" 3
"../../../../../../Users/lenovo/Documents/Unreal Projects/Cragls/Content/Actors/Car/sfx/engineAttenuation.uasset" 4
"../../../../../../Users/lenovo/Documents/Unreal Projects/Cragls/Content/Actors/Car/sfx/highVoltage.uasset" 5
"../../../../../../Users/lenovo/Documents/Unreal Projects/Cragls/Content/Actors/Car/sfx/highVoltageCue.uasset" 6
"../../../../../../Users/lenovo/Documents/Unreal Projects/Cragls/Content/Actors/Car/BP_EnergyRing.uasset" 7
"../../../../../../Users/lenovo/Documents/Unreal Projects/Cragls/Content/Actors/Car/MessageFlyByCurve.uasset" 8
"../../../Engine/Content/EngineFonts/RobotoDistanceField.uasset" 9
"../../../Engine/Content/Functions/Engine_MaterialFunctions01/Gradient/LinearGradient.uasset" 10
"../../../../../../Users/lenovo/Documents/Unreal Projects/Cragls/Content/Actors/Car/Materials/M_TextWhite.uasset" 11
"../../../../../../Users/lenovo/Documents/Unreal Projects/Cragls/Content/Actors/Car/Materials/M_TextRed_Inst.uasset" 12
"../../../../../../Users/lenovo/Documents/Unreal Projects/Cragls/Content/Actors/Car/sfx/whizz.uasset" 13
"../../../../../../Users/lenovo/Documents/Unreal Projects/Cragls/Content/Actors/Car/sfx/whizzCue.uasset" 14
"../../../../../../Users/lenovo/Documents/Unreal Projects/Cragls/Content/Actors/Car/BP_MessageBoard.uasset" 15
"../../../../../../Users/lenovo/Documents/Unreal Projects/Cragls/Content/Actors/Car/ImpactCurve.uasset" 16
"../../../../../../Users/lenovo/Documents/Unreal Projects/Cragls/Content/Actors/Car/ShieldGrowCurve.uasset" 17
"../../../../../../Users/lenovo/Documents/Unreal Projects/Cragls/Content/Actors/Car/ShieldShrinkCurve.uasset" 18
"../../../../../../Users/lenovo/Documents/Unreal Projects/Cragls/Content/Materials/T_Tech_Hex_Tile_M.uasset" 19
"../../../../../../Users/lenovo/Documents/Unreal Projects/Cragls/Content/Materials/T_Water_M.uasset" 20
"../../../../../../Users/lenovo/Documents/Unreal Projects/Cragls/Content/Actors/Car/Materials/M_ForceField.uasset" 21
"../../../Engine/Content/EngineMeshes/Sphere.uasset" 22
"../../../../../../Users/lenovo/Documents/Unreal Projects/Cragls/Content/Actors/Car/sfx/shield.uasset" 23
"../../../../../../Users/lenovo/Documents/Unreal Projects/Cragls/Content/Actors/Car/sfx/shield_Cue.uasset" 24
"../../../../../../Users/lenovo/Documents/Unreal Projects/Cragls/Content/Actors/Car/BP_ShieldActor.uasset" 25
"../../../../../../Users/lenovo/Documents/Unreal Projects/Cragls/Content/Actors/Explosion/Explosion_Cue.uasset" 26
"../../../../../../Users/lenovo/Documents/Unreal Projects/Cragls/Content/Actors/Explosion/Textures/T_Burst_M.uasset" 27
"../../../../../../Users/lenovo/Documents/Unreal Projects/Cragls/Content/Actors/Explosion/Materials/M_Burst.uasset" 28
"../../../../../../Users/lenovo/Documents/Unreal Projects/Cragls/Content/Actors/Missile/Materials/M_Burst.uasset" 29
"../../../../../../Users/lenovo/Documents/Unreal Projects/Cragls/Content/Actors/Explosion/Textures/T_Explosion_SubUV.uasset" 30
"../../../../../../Users/lenovo/Documents/Unreal Projects/Cragls/Content/Actors/Explosion/Materials/M_explosion_subUV.uasset" 31
"../../../../../../Users/lenovo/Documents/Unreal Projects/Cragls/Content/Actors/Missile/Materials/M_explosion_subUV.uasset" 32
"../../../../../../Users/lenovo/Documents/Unreal Projects/Cragls/Content/Actors/Explosion/Materials/m_flare_01.uasset" 33
"../../../../../../Users/lenovo/Documents/Unreal Projects/Cragls/Content/Actors/Missile/Materials/m_flare_01.uasset" 34
"../../../Engine/Content/Functions/Engine_MaterialFunctions01/Gradient/RadialGradient.uasset" 35
"../../../../../../Users/lenovo/Documents/Unreal Projects/Cragls/Content/Actors/Explosion/Materials/M_radial_ramp.uasset" 36
"../../../../../../Users/lenovo/Documents/Unreal Projects/Cragls/Content/Actors/Missile/Materials/M_radial_ramp.uasset" 37
"../../../../../../Users/lenovo/Documents/Unreal Projects/Cragls/Content/Actors/Explosion/Textures/T_Smoke_SubUV.uasset" 38
"../../../../../../Users/lenovo/Documents/Unreal Projects/Cragls/Content/Actors/Explosion/Textures/T_Smoke_Tiled_D.uasset" 39
"../../../../../../Users/lenovo/Documents/Unreal Projects/Cragls/Content/Actors/Missile/ParticleSystem/M_smoke_subUV.uasset" 40
"../../../../../../Users/lenovo/Documents/Unreal Projects/Cragls/Content/Actors/Missile/Materials/M_smoke_subUV.uasset" 41
"../../../../../../Users/lenovo/Documents/Unreal Projects/Cragls/Content/Actors/Explosion/P_Explosion.uasset" 42
"../../../../../../Users/lenovo/Documents/Unreal Projects/Cragls/Content/Actors/Explosion/BP_Explosion.uasset" 43
"../../../Engine/Content/MapTemplates/T_ScreenDirt02_w.uasset" 44
"../../../Engine/Content/Tutorial/SubEditors/TutorialAssets/T_soft_smoke.uasset" 45
"../../../../../../Users/lenovo/Documents/Unreal Projects/Cragls/Content/Actors/Missile/ParticleSystem/M_Missile.uasset" 46
"../../../../../../Users/lenovo/Documents/Unreal Projects/Cragls/Content/Actors/Missile/high-voltage-crackle_GkkUbzNO.uasset" 47
"../../../../../../Users/lenovo/Documents/Unreal Projects/Cragls/Content/Actors/Missile/MissileSound.uasset" 48
"../../../Engine/Content/Functions/Engine_MaterialFunctions01/Density/ExponentialDensity.uasset" 49
"../../../Engine/Content/Functions/Engine_MaterialFunctions01/Gradient/RadialGradientExponential.uasset" 50
"../../../../../../Users/lenovo/Documents/Unreal Projects/Cragls/Content/Actors/Missile/ParticleSystem/MissileTrail_Mat.uasset" 51
"../../../../../../Users/lenovo/Documents/Unreal Projects/Cragls/Content/Actors/Missile/ParticleSystem/MissileTrailParticles.uasset" 52
"../../../Engine/Content/Functions/Engine_MaterialFunctions01/Opacity/CameraDepthFade.uasset" 53
"../../../Engine/Content/EngineMaterials/T_Default_Material_Grid_M.uasset" 54
"../../../Engine/Content/EngineMaterials/T_Default_Material_Grid_N.uasset" 55
"../../../Engine/Content/EngineMaterials/WorldGridMaterial.uasset" 56
"../../../../../../Users/lenovo/Documents/Unreal Projects/Cragls/Content/Actors/Missile/Shape_Sphere.uasset" 57
"../../../../../../Users/lenovo/Documents/Unreal Projects/Cragls/Content/Actors/Missile/BP_Missile.uasset" 58
"../../../../../../Users/lenovo/Documents/Unreal Projects/Cragls/Content/Actors/Car/RadialBlur/WheelsBlurCurve.uasset" 59
"../../../../../../Users/lenovo/Documents/Unreal Projects/Cragls/Content/Actors/Car/RadialBlur/WheelsRotationCurve.uasset" 60
"../../../../../../Users/lenovo/Documents/Unreal Projects/Cragls/Content/Actors/Car/Materials/M_LED.uasset" 61
"../../../Engine/Content/Functions/Engine_MaterialFunctions02/Utility/BreakOutFloat2Components.uasset" 62
"../../../Engine/Content/Functions/Engine_MaterialFunctions02/TransformToClipSpace.uasset" 63
"../../../Engine/Content/Functions/Engine_MaterialFunctions02/WorldPositionOffset/LocalPosition.uasset" 64
"../../../../../../Users/lenovo/Documents/Unreal Projects/Cragls/Content/Actors/Car/RadialBlur/MF_Rotate2D.uasset" 65
"../../../../../../Users/lenovo/Documents/Unreal Projects/Cragls/Content/Actors/Car/RadialBlur/MF_RadialMotionBlurSample.uasset" 66
"../../../../../../Users/lenovo/Documents/Unreal Projects/Cragls/Content/Actors/Car/RadialBlur/MF_RadialMotionBlurPair.uasset" 67
"../../../../../../Users/lenovo/Documents/Unreal Projects/Cragls/Content/Actors/Car/RadialBlur/M_RadialMotionBlur.uasset" 68
"../../../Engine/Content/Functions/MaterialLayerFunctions/MatLayerBlend_Simple.uasset" 69
"../../../../../../Users/lenovo/Documents/Unreal Projects/Cragls/Content/Actors/Car/Textures/T_Flakes.uasset" 70
"../../../../../../Users/lenovo/Documents/Unreal Projects/Cragls/Content/Actors/Car/Textures/T_FlakesNormal.uasset" 71
"../../../../../../Users/lenovo/Documents/Unreal Projects/Cragls/Content/Actors/Car/Materials/M_CarPaint.uasset" 72
"../../../../../../Users/lenovo/Documents/Unreal Projects/Cragls/Content/Actors/Car/Materials/M_CarPaint_Inst.uasset" 73
"../../../Engine/Content/EngineMaterials/DefaultMaterial.uasset" 74
"../../../Engine/Content/BasicShapes/Cylinder.uasset" 75
"../../../../../../Users/lenovo/Documents/Unreal Projects/Cragls/Content/Actors/Car/MyConeShape.uasset" 76
"../../../../../../Users/lenovo/Documents/Unreal Projects/Cragls/Content/Actors/Car/sfx/countdown.uasset" 77
"../../../../../../Users/lenovo/Documents/Unreal Projects/Cragls/Content/Actors/Car/sfx/countDownSoundCue.uasset" 78
"../../../../../../Users/lenovo/Documents/Unreal Projects/Cragls/Content/Actors/Car/sfx/446117__justinvoke__engine-loop-1_boosted.uasset" 79
"../../../../../../Users/lenovo/Documents/Unreal Projects/Cragls/Content/Actors/Car/sfx/engineSoundBoostedCue.uasset" 80
"../../../../../../Users/lenovo/Documents/Unreal Projects/Cragls/Content/Actors/Car/sfx/incomingAlert.uasset" 81
"../../../../../../Users/lenovo/Documents/Unreal Projects/Cragls/Content/Actors/Car/sfx/incomingAlertCue.uasset" 82
"../../../../../../Users/lenovo/Documents/Unreal Projects/Cragls/Content/Actors/Car/sfx/buzz-error_fkirDOEO.uasset" 83
"../../../../../../Users/lenovo/Documents/Unreal Projects/Cragls/Content/Actors/Car/sfx/NoMissilesCue.uasset" 84
"../../../../../../Users/lenovo/Documents/Unreal Projects/Cragls/Content/Actors/Car/sfx/proximityAlert.uasset" 85
"../../../../../../Users/lenovo/Documents/Unreal Projects/Cragls/Content/Actors/Car/sfx/proximityAlertCue.uasset" 86
"../../../../../../Users/lenovo/Documents/Unreal Projects/Cragls/Content/Actors/Car/sfx/shock.uasset" 87
"../../../../../../Users/lenovo/Documents/Unreal Projects/Cragls/Content/Actors/Car/sfx/shockCue.uasset" 88
"../../../../../../Users/lenovo/Documents/Unreal Projects/Cragls/Content/Actors/Car/sfx/speedUp.uasset" 89
"../../../../../../Users/lenovo/Documents/Unreal Projects/Cragls/Content/Actors/Car/sfx/speedUpCue.uasset" 90
"../../../../../../Users/lenovo/Documents/Unreal Projects/Cragls/Content/Actors/Car/Materials/M_BlackPlastic.uasset" 91
"../../../../../../Users/lenovo/Documents/Unreal Projects/Cragls/Content/Actors/Car/Materials/M_BrakingDiskBase.uasset" 92
"../../../../../../Users/lenovo/Documents/Unreal Projects/Cragls/Content/Actors/Car/Materials/M_BrakingDiskSurface.uasset" 93
"../../../../../../Users/lenovo/Documents/Unreal Projects/Cragls/Content/Actors/Car/Materials/M_Chrome.uasset" 94
"../../../../../../Users/lenovo/Documents/Unreal Projects/Cragls/Content/Actors/Car/Materials/M_Calipers_Inst.uasset" 95
"../../../../../../Users/lenovo/Documents/Unreal Projects/Cragls/Content/Actors/Car/Materials/M_DarkBlack_Inst.uasset" 96
"../../../../../../Users/lenovo/Documents/Unreal Projects/Cragls/Content/Actors/Car/Materials/M_LEDFront_Inst.uasset" 97
"../../../../../../Users/lenovo/Documents/Unreal Projects/Cragls/Content/Actors/Car/Materials/M_LEDRear_Inst.uasset" 98
"../../../../../../Users/lenovo/Documents/Unreal Projects/Cragls/Content/Actors/Car/Materials/M_LensGlass.uasset" 99
"../../../../../../Users/lenovo/Documents/Unreal Projects/Cragls/Content/Actors/Car/Materials/M_LensGlass_Inst.uasset" 100
"../../../../../../Users/lenovo/Documents/Unreal Projects/Cragls/Content/Actors/Car/Materials/M_LightsBase_Inst.uasset" 101
"../../../../../../Users/lenovo/Documents/Unreal Projects/Cragls/Content/Actors/Car/Materials/M_Rims.uasset" 102
"../../../../../../Users/lenovo/Documents/Unreal Projects/Cragls/Content/Actors/Car/Materials/M_Rims_Inst.uasset" 103
"../../../../../../Users/lenovo/Documents/Unreal Projects/Cragls/Content/Actors/Car/Materials/M_Windows_Inst.uasset" 104
"../../../../../../Users/lenovo/Documents/Unreal Projects/Cragls/Content/Actors/Car/Vehicle/EcoConceptCar.uasset" 105
"../../../../../../Users/lenovo/Documents/Unreal Projects/Cragls/Content/Actors/Car/BP_CarPawn.uasset" 106
"../../../../../../Users/lenovo/Documents/Unreal Projects/Cragls/Content/Actors/Car/Shape_Sphere.uasset" 107
"../../../../../../Users/lenovo/Documents/Unreal Projects/Cragls/Content/Actors/Car/Textures/T_Burst_M.uasset" 108
"../../../../../../Users/lenovo/Documents/Unreal Projects/Cragls/Content/Actors/Car/Materials/M_Burst.uasset" 109
"../../../../../../Users/lenovo/Documents/Unreal Projects/Cragls/Content/Actors/Car/Materials/M_CubeMaterial.uasset" 110
"../../../../../../Users/lenovo/Documents/Unreal Projects/Cragls/Content/Actors/Car/Textures/T_Explosion_SubUV.uasset" 111
"../../../../../../Users/lenovo/Documents/Unreal Projects/Cragls/Content/Actors/Car/Materials/M_explosion_subUV.uasset" 112
"../../../../../../Users/lenovo/Documents/Unreal Projects/Cragls/Content/Actors/Car/Materials/m_flare_01.uasset" 113
"../../../../../../Users/lenovo/Documents/Unreal Projects/Cragls/Content/Actors/Car/Materials/M_GarageInnerSurface.uasset" 114
"../../../../../../Users/lenovo/Documents/Unreal Projects/Cragls/Content/Actors/Car/Materials/M_Glass.uasset" 115
"../../../../../../Users/lenovo/Documents/Unreal Projects/Cragls/Content/Actors/Car/Materials/M_Glass_Inst.uasset" 116
"../../../../../../Users/lenovo/Documents/Unreal Projects/Cragls/Content/Actors/Car/Materials/M_LED_GarageLamp_Inst.uasset" 117
"../../../../../../Users/lenovo/Documents/Unreal Projects/Cragls/Content/Actors/Car/Materials/M_LED_Markers_Inst.uasset" 118
"../../../../../../Users/lenovo/Documents/Unreal Projects/Cragls/Content/Actors/Car/Materials/M_Pointer.uasset" 119
"../../../../../../Users/lenovo/Documents/Unreal Projects/Cragls/Content/Actors/Car/Materials/M_radial_ramp.uasset" 120
"../../../../../../Users/lenovo/Documents/Unreal Projects/Cragls/Content/Actors/Car/Textures/T_Smoke_SubUV.uasset" 121
"../../../../../../Users/lenovo/Documents/Unreal Projects/Cragls/Content/Actors/Car/Textures/T_Smoke_Tiled_D.uasset" 122
"../../../../../../Users/lenovo/Documents/Unreal Projects/Cragls/Content/Actors/Car/Materials/M_smoke_subUV.uasset" 123
"../../../../../../Users/lenovo/Documents/Unreal Projects/Cragls/Content/Actors/Car/Materials/M_TextGreen_Inst.uasset" 124
"../../../../../../Users/lenovo/Documents/Unreal Projects/Cragls/Content/Actors/Car/Materials/ShieldPortalMaterial.uasset" 125
"../../../../../../Users/lenovo/Documents/Unreal Projects/Cragls/Content/Actors/Car/RadialBlur/LinearCurve.uasset" 126
"../../../../../../Users/lenovo/Documents/Unreal Projects/Cragls/Content/Actors/Car/RadialBlur/RadialMotionBlur_Inst.uasset" 127
"../../../../../../Users/lenovo/Documents/Unreal Projects/Cragls/Content/Actors/Car/sfx/446117__justinvoke__engine-loop-1.uasset" 128
"../../../../../../Users/lenovo/Documents/Unreal Projects/Cragls/Content/Actors/Car/sfx/engineSoundCue.uasset" 129
"../../../../../../Users/lenovo/Documents/Unreal Projects/Cragls/Content/Actors/Car/sfx/NoMissiles.uasset" 130
"../../../../../../Users/lenovo/Documents/Unreal Projects/Cragls/Content/Actors/Car/sfx/racing_engine_loop.uasset" 131
"../../../../../../Users/lenovo/Documents/Unreal Projects/Cragls/Content/Actors/Car/sfx/scored.uasset" 132
"../../../../../../Users/lenovo/Documents/Unreal Projects/Cragls/Content/Actors/Car/sfx/scored2.uasset" 133
"../../../../../../Users/lenovo/Documents/Unreal Projects/Cragls/Content/Actors/Car/sfx/scoredCue.uasset" 134
"../../../../../../Users/lenovo/Documents/Unreal Projects/Cragls/Content/Actors/Car/Vehicle/EcoConceptCar_PhysicsAsset.uasset" 135
"../../../../../../Users/lenovo/Documents/Unreal Projects/Cragls/Content/Actors/Floor/Textures/T_MacroVariation_Custom.uasset" 136
"../../../../../../Users/lenovo/Documents/Unreal Projects/Cragls/Content/StarterContent/Textures/T_MacroVariation.uasset" 137
"../../../../../../Users/lenovo/Documents/Unreal Projects/Cragls/Content/StarterContent/Textures/T_Metal_Steel_D.uasset" 138
"../../../../../../Users/lenovo/Documents/Unreal Projects/Cragls/Content/StarterContent/Textures/T_Metal_Steel_N.uasset" 139
"../../../../../../Users/lenovo/Documents/Unreal Projects/Cragls/Content/StarterContent/Materials/M_Metal_Steel.uasset" 140
"../../../../../../Users/lenovo/Documents/Unreal Projects/Cragls/Content/Actors/LightPole/Material.uasset" 141
"../../../../../../Users/lenovo/Documents/Unreal Projects/Cragls/Content/Actors/LightPole/LightPole.uasset" 142
"../../../../../../Users/lenovo/Documents/Unreal Projects/Cragls/Content/Actors/LightPole/BP_LightPole.uasset" 143
"../../../../../../Users/lenovo/Documents/Unreal Projects/Cragls/Content/Actors/Explosion/Explosion01.uasset" 144
"../../../../../../Users/lenovo/Documents/Unreal Projects/Cragls/Content/Actors/Missile/Explosion01.uasset" 145
"../../../../../../Users/lenovo/Documents/Unreal Projects/Cragls/Content/Actors/Explosion/Explosion02.uasset" 146
"../../../../../../Users/lenovo/Documents/Unreal Projects/Cragls/Content/Actors/Missile/Explosion02.uasset" 147
"../../../../../../Users/lenovo/Documents/Unreal Projects/Cragls/Content/Actors/Missile/Explosion_Cue.uasset" 148
"../../../../../../Users/lenovo/Documents/Unreal Projects/Cragls/Content/Actors/Missile/jg-032316-sfx-lazer-2.uasset" 149
"../../../../../../Users/lenovo/Documents/Unreal Projects/Cragls/Content/Actors/Missile/jg-032316-sfx-lazer-3.uasset" 150
"../../../../../../Users/lenovo/Documents/Unreal Projects/Cragls/Content/Actors/Missile/MissileFire.uasset" 151
"../../../../../../Users/lenovo/Documents/Unreal Projects/Cragls/Content/Actors/Missile/P_Explosion.uasset" 152
"../../../../../../Users/lenovo/Documents/Unreal Projects/Cragls/Content/Actors/Missile/Materials/M_Missile.uasset" 153
"../../../../../../Users/lenovo/Documents/Unreal Projects/Cragls/Content/Actors/Missile/Textures/T_Burst_M.uasset" 154
"../../../../../../Users/lenovo/Documents/Unreal Projects/Cragls/Content/Actors/Missile/Textures/T_Explosion_SubUV.uasset" 155
"../../../../../../Users/lenovo/Documents/Unreal Projects/Cragls/Content/Actors/Missile/Textures/T_Smoke_SubUV.uasset" 156
"../../../../../../Users/lenovo/Documents/Unreal Projects/Cragls/Content/Actors/Missile/Textures/T_Smoke_Tiled_D.uasset" 157
"../../../../../../Users/lenovo/Documents/Unreal Projects/Cragls/Content/Actors/Missile/TrailParticles/MissileTrailParticles.uasset" 158
"../../../../../../Users/lenovo/Documents/Unreal Projects/Cragls/Content/Actors/Missile/TrailParticles/MissileTrail_mat.uasset" 159
"../../../../../../Users/lenovo/Documents/Unreal Projects/Cragls/Content/Actors/Portal/PortalBaseMaterial.uasset" 160
"../../../../../../Users/lenovo/Documents/Unreal Projects/Cragls/Content/Actors/Portal/MissilePortalMatInst.uasset" 161
"../../../../../../Users/lenovo/Documents/Unreal Projects/Cragls/Content/Actors/Portal/ScorePortalMatInst.uasset" 162
"../../../../../../Users/lenovo/Documents/Unreal Projects/Cragls/Content/Actors/Portal/ShieldPortalMatInst.uasset" 163
"../../../../../../Users/lenovo/Documents/Unreal Projects/Cragls/Content/Actors/Portal/ShockPortalMatInst.uasset" 164
"../../../../../../Users/lenovo/Documents/Unreal Projects/Cragls/Content/Actors/Portal/SpeedPortalMatInst.uasset" 165
"../../../../../../Users/lenovo/Documents/Unreal Projects/Cragls/Content/Actors/Portal/StandingCylinder.uasset" 166
"../../../../../../Users/lenovo/Documents/Unreal Projects/Cragls/Content/Actors/Portal/BP_Portal.uasset" 167
"../../../../../../Users/lenovo/Documents/Unreal Projects/Cragls/Content/Actors/Spectator/BP_SpectatorPawn.uasset" 168
"../../../../../../Users/lenovo/Documents/Unreal Projects/Cragls/Content/StarterContent/Textures/T_Metal_Aluminum_D.uasset" 169
"../../../../../../Users/lenovo/Documents/Unreal Projects/Cragls/Content/StarterContent/Textures/T_Metal_Gold_N.uasset" 170
"../../../../../../Users/lenovo/Documents/Unreal Projects/Cragls/Content/Materials/M_Metal_Burnished_Steel.uasset" 171
"../../../../../../Users/lenovo/Documents/Unreal Projects/Cragls/Content/Materials/M_Tech_Hex_Tile_Pulse.uasset" 172
"../../../../../../Users/lenovo/Documents/Unreal Projects/Cragls/Content/Materials/T_MacroVariation.uasset" 173
"../../../../../../Users/lenovo/Documents/Unreal Projects/Cragls/Content/Materials/T_Metal_Aluminum_D.uasset" 174
"../../../../../../Users/lenovo/Documents/Unreal Projects/Cragls/Content/Materials/T_Metal_Gold_N.uasset" 175
"../../../../../../Users/lenovo/Documents/Unreal Projects/Cragls/Content/Materials/T_Metal_Steel_D.uasset" 176
"../../../../../../Users/lenovo/Documents/Unreal Projects/Cragls/Content/Materials/T_Metal_Steel_N.uasset" 177
"../../../../../../Users/lenovo/Documents/Unreal Projects/Cragls/Content/Materials/T_Perlin_Noise_M.uasset" 178
"../../../../../../Users/lenovo/Documents/Unreal Projects/Cragls/Content/Materials/T_Rock_Basalt_D.uasset" 179
"../../../../../../Users/lenovo/Documents/Unreal Projects/Cragls/Content/Materials/T_Rock_Basalt_N.uasset" 180
"../../../../../../Users/lenovo/Documents/Unreal Projects/Cragls/Content/Materials/T_Tech_Panel_M.uasset" 181
"../../../../../../Users/lenovo/Documents/Unreal Projects/Cragls/Content/Materials/T_Tech_Panel_N.uasset" 182
"../../../../../../Users/lenovo/Documents/Unreal Projects/Cragls/Content/Menus/HUD/Mat_Round.uasset" 183
"../../../../../../Users/lenovo/Documents/Unreal Projects/Cragls/Content/Menus/HUD/BlueNeonBorder_MatInst.uasset" 184
"../../../../../../Users/lenovo/Documents/Unreal Projects/Cragls/Content/Menus/HUD/Mask_Round.uasset" 185
"../../../../../../Users/lenovo/Documents/Unreal Projects/Cragls/Content/Menus/HUD/rankingList.uasset" 186
"../../../../../../Users/lenovo/Documents/Unreal Projects/Cragls/Content/Menus/HUD/rankingListCyan.uasset" 187
"../../../../../../Users/lenovo/Documents/Unreal Projects/Cragls/Content/Menus/HUD/rankingListCyanGreen.uasset" 188
"../../../../../../Users/lenovo/Documents/Unreal Projects/Cragls/Content/Menus/HUD/rankingListWhite.uasset" 189
"../../../../../../Users/lenovo/Documents/Unreal Projects/Cragls/Content/Menus/HUD/SpeedometerComplete.uasset" 190
"../../../../../../Users/lenovo/Documents/Unreal Projects/Cragls/Content/Menus/HUD/SpeedometerInner.uasset" 191
"../../../../../../Users/lenovo/Documents/Unreal Projects/Cragls/Content/Menus/HUD/SpeedometerOuter.uasset" 192
"../../../../../../Users/lenovo/Documents/Unreal Projects/Cragls/Content/Menus/HUD/SpeedometerOuterNew.uasset" 193
"../../../../../../Users/lenovo/Documents/Unreal Projects/Cragls/Content/Actors/Floor/countdown.uasset" 194
"../../../../../../Users/lenovo/Documents/Unreal Projects/Cragls/Content/Actors/Floor/countdown_Cue.uasset" 195
"../../../../../../Users/lenovo/Documents/Unreal Projects/Cragls/Content/Menus/HUD/WBP_Countdown.uasset" 196
"../../../Engine/Content/EditorBlueprintResources/StandardMacros.uasset" 197
"../../../../../../Users/lenovo/Documents/Unreal Projects/Cragls/Content/Menus/HUD/WBP_RankingEntry.uasset" 198
"../../../../../../Users/lenovo/Documents/Unreal Projects/Cragls/Content/Menus/MainMenu/panelSharpCorner.uasset" 199
"../../../../../../Users/lenovo/Documents/Unreal Projects/Cragls/Content/Menus/MainMenu/panelSoftCorner.uasset" 200
"../../../../../../Users/lenovo/Documents/Unreal Projects/Cragls/Content/Menus/WBP_Window.uasset" 201
"../../../../../../Users/lenovo/Documents/Unreal Projects/Cragls/Content/Menus/HUD/WBP_RankingList.uasset" 202
"../../../Engine/Content/Functions/Engine_MaterialFunctions02/Texturing/CustomRotator.uasset" 203
"../../../Engine/Content/Functions/Engine_MaterialFunctions02/Utility/VectorToRadialValue.uasset" 204
"../../../../../../Users/lenovo/Documents/Unreal Projects/Cragls/Content/Menus/HUD/SpeedometerGreenCircle.uasset" 205
"../../../../../../Users/lenovo/Documents/Unreal Projects/Cragls/Content/Menus/HUD/SpeedometerGreenCircleStart.uasset" 206
"../../../../../../Users/lenovo/Documents/Unreal Projects/Cragls/Content/Menus/HUD/Mat_BoostIndicator.uasset" 207
"../../../../../../Users/lenovo/Documents/Unreal Projects/Cragls/Content/Menus/HUD/SpeedometerMagentaCircle.uasset" 208
"../../../../../../Users/lenovo/Documents/Unreal Projects/Cragls/Content/Menus/HUD/SpeedometerMagentaCircleStart.uasset" 209
"../../../../../../Users/lenovo/Documents/Unreal Projects/Cragls/Content/Menus/HUD/Mat_ShieldIndicator.uasset" 210
"../../../../../../Users/lenovo/Documents/Unreal Projects/Cragls/Content/Menus/HUD/SpeedometerComplete2.uasset" 211
"../../../../../../Users/lenovo/Documents/Unreal Projects/Cragls/Content/Menus/HUD/SpeedometerInnerNew.uasset" 212
"../../../../../../Users/lenovo/Documents/Unreal Projects/Cragls/Content/Menus/HUD/Mat_Speedometer.uasset" 213
"../../../../../../Users/lenovo/Documents/Unreal Projects/Cragls/Content/Menus/HUD/cross.uasset" 214
"../../../../../../Users/lenovo/Documents/Unreal Projects/Cragls/Content/Menus/HUD/rocket.uasset" 215
"../../../../../../Users/lenovo/Documents/Unreal Projects/Cragls/Content/Menus/HUD/warning.uasset" 216
"../../../../../../Users/lenovo/Documents/Unreal Projects/Cragls/Content/Menus/HUD/WBP_Speedometer.uasset" 217
"../../../../../../Users/lenovo/Documents/Unreal Projects/Cragls/Content/Menus/HUD/WBP_Timer.uasset" 218
"../../../../../../Users/lenovo/Documents/Unreal Projects/Cragls/Content/Menus/HUD/WBP_HUD.uasset" 219
"../../../../../../Users/lenovo/Documents/Unreal Projects/Cragls/Content/Menus/InGame/backtoLobby0.uasset" 220
"../../../../../../Users/lenovo/Documents/Unreal Projects/Cragls/Content/Menus/InGame/backtoLobby1.uasset" 221
"../../../../../../Users/lenovo/Documents/Unreal Projects/Cragls/Content/Menus/InGame/backtoMenu0.uasset" 222
"../../../../../../Users/lenovo/Documents/Unreal Projects/Cragls/Content/Menus/InGame/backtoMenu1.uasset" 223
"../../../../../../Users/lenovo/Documents/Unreal Projects/Cragls/Content/Menus/InGame/continue0.uasset" 224
"../../../../../../Users/lenovo/Documents/Unreal Projects/Cragls/Content/Menus/InGame/continue1.uasset" 225
"../../../../../../Users/lenovo/Documents/Unreal Projects/Cragls/Content/Menus/InGame/leave0.uasset" 226
"../../../../../../Users/lenovo/Documents/Unreal Projects/Cragls/Content/Menus/InGame/leave1.uasset" 227
"../../../../../../Users/lenovo/Documents/Unreal Projects/Cragls/Content/Menus/MainMenu/backButton.uasset" 228
"../../../../../../Users/lenovo/Documents/Unreal Projects/Cragls/Content/Menus/MainMenu/backButton1.uasset" 229
"../../../../../../Users/lenovo/Documents/Unreal Projects/Cragls/Content/Menus/MainMenu/settings0.uasset" 230
"../../../../../../Users/lenovo/Documents/Unreal Projects/Cragls/Content/Menus/MainMenu/settings1.uasset" 231
"../../../../../../Users/lenovo/Documents/Unreal Projects/Cragls/Content/Menus/MainMenu/sfx/button-digital-click.uasset" 232
"../../../../../../Users/lenovo/Documents/Unreal Projects/Cragls/Content/Menus/MainMenu/sfx/button-digital-hover.uasset" 233
"../../../../../../Users/lenovo/Documents/Unreal Projects/Cragls/Content/Menus/MainMenu/sfx/button-tonal_GydmP_Eu.uasset" 234
"../../../../../../Users/lenovo/Documents/Unreal Projects/Cragls/Content/Menus/Settings/arrow0.uasset" 235
"../../../../../../Users/lenovo/Documents/Unreal Projects/Cragls/Content/Menus/Settings/arrow1.uasset" 236
"../../../../../../Users/lenovo/Documents/Unreal Projects/Cragls/Content/Menus/Settings/arrowl0.uasset" 237
"../../../../../../Users/lenovo/Documents/Unreal Projects/Cragls/Content/Menus/Settings/arrowl1.uasset" 238
"../../../../../../Users/lenovo/Documents/Unreal Projects/Cragls/Content/Menus/Settings/WBP_Settings.uasset" 239
"../../../../../../Users/lenovo/Documents/Unreal Projects/Cragls/Content/Menus/InGame/WBP_InGameMenu.uasset" 240
"../../../../../../Users/lenovo/Documents/Unreal Projects/Cragls/Content/Menus/Lobby/no0.uasset" 241
"../../../../../../Users/lenovo/Documents/Unreal Projects/Cragls/Content/Menus/Lobby/no1.uasset" 242
"../../../../../../Users/lenovo/Documents/Unreal Projects/Cragls/Content/Menus/Lobby/notReady0.uasset" 243
"../../../../../../Users/lenovo/Documents/Unreal Projects/Cragls/Content/Menus/Lobby/notReady1.uasset" 244
"../../../../../../Users/lenovo/Documents/Unreal Projects/Cragls/Content/Menus/Lobby/ok0.uasset" 245
"../../../../../../Users/lenovo/Documents/Unreal Projects/Cragls/Content/Menus/Lobby/ok1.uasset" 246
"../../../../../../Users/lenovo/Documents/Unreal Projects/Cragls/Content/Menus/Lobby/Ready0.uasset" 247
"../../../../../../Users/lenovo/Documents/Unreal Projects/Cragls/Content/Menus/Lobby/Ready1.uasset" 248
"../../../../../../Users/lenovo/Documents/Unreal Projects/Cragls/Content/Menus/Lobby/spectate0.uasset" 249
"../../../../../../Users/lenovo/Documents/Unreal Projects/Cragls/Content/Menus/Lobby/spectate1.uasset" 250
"../../../../../../Users/lenovo/Documents/Unreal Projects/Cragls/Content/Menus/Lobby/StartNow0.uasset" 251
"../../../../../../Users/lenovo/Documents/Unreal Projects/Cragls/Content/Menus/Lobby/StartNow1.uasset" 252
"../../../../../../Users/lenovo/Documents/Unreal Projects/Cragls/Content/Menus/Lobby/yes0.uasset" 253
"../../../../../../Users/lenovo/Documents/Unreal Projects/Cragls/Content/Menus/Lobby/yes1.uasset" 254
"../../../../../../Users/lenovo/Documents/Unreal Projects/Cragls/Content/Menus/Lobby/WBP_LobbyMenu.uasset" 255
"../../../../../../Users/lenovo/Documents/Unreal Projects/Cragls/Content/Menus/Lobby/LobbyMenu.uasset" 256
"../../../../../../Users/lenovo/Documents/Unreal Projects/Cragls/Content/Menus/Lobby/WBP_LobbyDropdownItem.uasset" 257
"../../../../../../Users/lenovo/Documents/Unreal Projects/Cragls/Content/Menus/Lobby/WBP_CustomComboBox.uasset" 258
"../../../../../../Users/lenovo/Documents/Unreal Projects/Cragls/Content/Menus/Lobby/WBP_LobbyRow.uasset" 259
"../../../../../../Users/lenovo/Documents/Unreal Projects/Cragls/Content/Menus/MainMenu/Consolas_Bold_Font.uasset" 260
"../../../../../../Users/lenovo/Documents/Unreal Projects/Cragls/Content/Menus/MainMenu/Mat_GlowingFont.uasset" 261
"../../../../../../Users/lenovo/Documents/Unreal Projects/Cragls/Content/Menus/MainMenu/Mat_TextGlow.uasset" 262
"../../../../../../Users/lenovo/Documents/Unreal Projects/Cragls/Content/Menus/MainMenu/play0.uasset" 263
"../../../../../../Users/lenovo/Documents/Unreal Projects/Cragls/Content/Menus/MainMenu/play0old.uasset" 264
"../../../../../../Users/lenovo/Documents/Unreal Projects/Cragls/Content/Menus/MainMenu/DropdownItem.uasset" 265
"../../../../../../Users/lenovo/Documents/Unreal Projects/Cragls/Content/Menus/MainMenu/exit0.uasset" 266
"../../../../../../Users/lenovo/Documents/Unreal Projects/Cragls/Content/Menus/MainMenu/exit1.uasset" 267
"../../../../../../Users/lenovo/Documents/Unreal Projects/Cragls/Content/Menus/MainMenu/go0.uasset" 268
"../../../../../../Users/lenovo/Documents/Unreal Projects/Cragls/Content/Menus/MainMenu/go1.uasset" 269
"../../../../../../Users/lenovo/Documents/Unreal Projects/Cragls/Content/Menus/MainMenu/HighresScreenshot00042.uasset" 270
"../../../../../../Users/lenovo/Documents/Unreal Projects/Cragls/Content/Menus/MainMenu/hostNow0.uasset" 271
"../../../../../../Users/lenovo/Documents/Unreal Projects/Cragls/Content/Menus/MainMenu/hostNow1.uasset" 272
"../../../../../../Users/lenovo/Documents/Unreal Projects/Cragls/Content/Menus/MainMenu/hostServer0.uasset" 273
"../../../../../../Users/lenovo/Documents/Unreal Projects/Cragls/Content/Menus/MainMenu/hostServer1.uasset" 274
"../../../../../../Users/lenovo/Documents/Unreal Projects/Cragls/Content/Menus/MainMenu/hostServerTitle.uasset" 275
"../../../../../../Users/lenovo/Documents/Unreal Projects/Cragls/Content/Menus/MainMenu/joinGame0.uasset" 276
"../../../../../../Users/lenovo/Documents/Unreal Projects/Cragls/Content/Menus/MainMenu/joinGame1.uasset" 277
"../../../../../../Users/lenovo/Documents/Unreal Projects/Cragls/Content/Menus/MainMenu/play1.uasset" 278
"../../../../../../Users/lenovo/Documents/Unreal Projects/Cragls/Content/Menus/MainMenu/serverlistTitle.uasset" 279
"../../../../../../Users/lenovo/Documents/Unreal Projects/Cragls/Content/Menus/MainMenu/sfx/button-digital-hover-2.uasset" 280
"../../../../../../Users/lenovo/Documents/Unreal Projects/Cragls/Content/Menus/MainMenu/textBox.uasset" 281
"../../../../../../Users/lenovo/Documents/Unreal Projects/Cragls/Content/Menus/MainMenu/titleCragls.uasset" 282
"../../../../../../Users/lenovo/Documents/Unreal Projects/Cragls/Content/Menus/MainMenu/WBP_MainMenu.uasset" 283
"../../../../../../Users/lenovo/Documents/Unreal Projects/Cragls/Content/Menus/MainMenu/WBP_ServerRow.uasset" 284
"../../../../../../Users/lenovo/Documents/Unreal Projects/Cragls/Content/Menus/MainMenu/sfx/button-high-tech_GyHnUuNO.uasset" 285
"../../../../../../Users/lenovo/Documents/Unreal Projects/Cragls/Content/Menus/MainMenu/sfx/button-metal-unsnap_GJD3bD4O.uasset" 286
"../../../../../../Users/lenovo/Documents/Unreal Projects/Cragls/Content/Menus/MainMenu/sfx/digital-click.uasset" 287
"../../../../../../Users/lenovo/Documents/Unreal Projects/Cragls/Content/Menus/ScoreBoard/leave0.uasset" 288
"../../../../../../Users/lenovo/Documents/Unreal Projects/Cragls/Content/Menus/ScoreBoard/leave1.uasset" 289
"../../../../../../Users/lenovo/Documents/Unreal Projects/Cragls/Content/Menus/ScoreBoard/nextRound0.uasset" 290
"../../../../../../Users/lenovo/Documents/Unreal Projects/Cragls/Content/Menus/ScoreBoard/nextRound1.uasset" 291
"../../../../../../Users/lenovo/Documents/Unreal Projects/Cragls/Content/Menus/ScoreBoard/WBP_ScoreBoard.uasset" 292
"../../../../../../Users/lenovo/Documents/Unreal Projects/Cragls/Content/Menus/ScoreBoard/WBP_ScoreBoardRow.uasset" 293
"../../../../../../Users/lenovo/Documents/Unreal Projects/Cragls/Content/Menus/SpectatorHUD/WBP_SpectatorManual.uasset" 294
"../../../../../../Users/lenovo/Documents/Unreal Projects/Cragls/Content/Menus/SpectatorHUD/WBP_SpectatorHUD.uasset" 295
"../../../../../../Users/lenovo/Documents/Unreal Projects/Cragls/Content/Music/InGame/InGameCue.uasset" 296
"../../../../../../Users/lenovo/Documents/Unreal Projects/Cragls/Content/Music/dance-mission_Cue.uasset" 297
"../../../../../../Users/lenovo/Documents/Unreal Projects/Cragls/Content/Music/dance-mission_GJsUJUrO.uasset" 298
"../../../../../../Users/lenovo/Documents/Unreal Projects/Cragls/Content/Music/InGame/dance-mission.uasset" 299
"../../../../../../Users/lenovo/Documents/Unreal Projects/Cragls/Content/Music/InGame/dance-mission_Cue.uasset" 300
"../../../../../../Users/lenovo/Documents/Unreal Projects/Cragls/Content/Music/InGame/electronica-punch.uasset" 301
"../../../../../../Users/lenovo/Documents/Unreal Projects/Cragls/Content/Music/InGame/Groovy-Dubstep-Music.uasset" 302
"../../../../../../Users/lenovo/Documents/Unreal Projects/Cragls/Content/Music/InGame/lasers.uasset" 303
"../../../../../../Users/lenovo/Documents/Unreal Projects/Cragls/Content/Music/InGame/sabotage.uasset" 304
"../../../../../../Users/lenovo/Documents/Unreal Projects/Cragls/Content/Music/InGame/vase.uasset" 305
"../../../../../../Users/lenovo/Documents/Unreal Projects/Cragls/Content/Music/Lobby/Action-Trailer-Music.uasset" 306
"../../../../../../Users/lenovo/Documents/Unreal Projects/Cragls/Content/Music/Lobby/good-and-evil-battle.uasset" 307
"../../../../../../Users/lenovo/Documents/Unreal Projects/Cragls/Content/Music/Lobby/War-Action-Orchestra.uasset" 308
"../../../../../../Users/lenovo/Documents/Unreal Projects/Cragls/Content/Music/Lobby/ssm-102518-War-Action-Orchestra.uasset" 309
"../../../../../../Users/lenovo/Documents/Unreal Projects/Cragls/Content/Music/Lobby/LobbyCue.uasset" 310
"../../../../../../Users/lenovo/Documents/Unreal Projects/Cragls/Content/Music/Lobby/ssm-102518-War-Action-Orchestra_Cue.uasset" 311
"../../../../../../Users/lenovo/Documents/Unreal Projects/Cragls/Content/StarterContent/Textures/T_Tech_Panel_M.uasset" 312
"../../../../../../Users/lenovo/Documents/Unreal Projects/Cragls/Content/StarterContent/Textures/T_Tech_Panel_N.uasset" 313
"../../../../../../Users/lenovo/Documents/Unreal Projects/Cragls/Content/StarterContent/Materials/M_Tech_Panel.uasset" 314
"../../../../../../Users/lenovo/Documents/Unreal Projects/Cragls/Content/StarterContent/Materials/M_Basic_Wall.uasset" 315
"../../../../../../Users/lenovo/Documents/Unreal Projects/Cragls/Content/StarterContent/Shapes/Shape_Sphere.uasset" 316
"../../../../../../Users/lenovo/Documents/Unreal Projects/Cragls/Content/StarterContent/Textures/T_Tech_Hex_Tile_M.uasset" 317
"../../../../../../Users/lenovo/Documents/Unreal Projects/Cragls/Content/StarterContent/Textures/T_Water_M.uasset" 318
"../../../Engine/Content/Animation/DefaultAnimCurveCompressionSettings.uasset" 319
"../../../Engine/Content/ArtTools/RenderToTexture/Meshes/S_1_Unit_Plane.uasset" 320
"../../../Engine/Content/BasicShapes/Cone.uasset" 321
"../../../Engine/Content/BasicShapes/Plane.uasset" 322
"../../../Engine/Content/BasicShapes/Sphere.uasset" 323
"../../../Engine/Content/EditorLandscapeResources/DataLayer.uasset" 324
"../../../Engine/Content/EditorMaterials/MAT_Groups_Toggle.uasset" 325
"../../../Engine/Content/EditorMaterials/MAT_Groups_Visibility.uasset" 326
"../../../Engine/Content/EditorMaterials/PreviewShadowIndicator.uasset" 327
"../../../Engine/Content/EditorMaterials/PreviewShadowIndicatorMaterial.uasset" 328
"../../../Engine/Content/EditorMaterials/MatineeGroups/MAT_ColorTrack.uasset" 329
"../../../Engine/Content/EditorMaterials/MatineeGroups/MAT_Groups_Anim.uasset" 330
"../../../Engine/Content/EditorMaterials/MatineeGroups/MAT_Groups_AudioMaster.uasset" 331
"../../../Engine/Content/EditorMaterials/MatineeGroups/MAT_Groups_Director.uasset" 332
"../../../Engine/Content/EditorMaterials/MatineeGroups/MAT_Groups_Event.uasset" 333
"../../../Engine/Content/EditorMaterials/MatineeGroups/MAT_Groups_Fade.uasset" 334
"../../../Engine/Content/EditorMaterials/MatineeGroups/MAT_Groups_Float.uasset" 335
"../../../Engine/Content/EditorMaterials/MatineeGroups/MAT_Groups_Move.uasset" 336
"../../../Engine/Content/EditorMaterials/MatineeGroups/MAT_Groups_Slomo.uasset" 337
"../../../Engine/Content/EditorMaterials/MatineeGroups/MAT_Groups_Sound.uasset" 338
"../../../Engine/Content/EditorMaterials/MatineeGroups/MAT_Groups_Vector.uasset" 339
"../../../Engine/Content/EditorMaterials/ParticleSystems/PSysThumbnail_NoImage.uasset" 340
"../../../Engine/Content/EditorMaterials/ParticleSystems/PSysThumbnail_OOD.uasset" 341
"../../../Engine/Content/EditorMaterials/Camera/CineMat.uasset" 342
"../../../Engine/Content/EditorMaterials/Camera/MI_CineMat_Rig.uasset" 343
"../../../Engine/Content/EditorMeshes/Camera/SM_CraneRig_Arm.uasset" 344
"../../../Engine/Content/EditorMeshes/Camera/SM_CraneRig_Base.uasset" 345
"../../../Engine/Content/EditorMeshes/Camera/SM_CraneRig_Body.uasset" 346
"../../../Engine/Content/EditorMeshes/Camera/SM_CraneRig_Mount.uasset" 347
"../../../Engine/Content/EditorMeshes/Camera/SM_RailRig_Mount.uasset" 348
"../../../Engine/Content/EditorMeshes/Camera/SM_RailRig_Track.uasset" 349
"../../../Engine/Content/EditorResources/BSPVertex.uasset" 350
"../../../Engine/Content/EditorResources/EmptyActor.uasset" 351
"../../../Engine/Content/EditorResources/S_Actor.uasset" 352
"../../../Engine/Content/EditorResources/S_Note.uasset" 353
"../../../Engine/Content/EditorResources/S_Solver.uasset" 354
"../../../Engine/Content/EditorResources/S_Trigger.uasset" 355
"../../../Engine/Content/EditorResources/AudioIcons/S_AudioComponent_AutoActivate.uasset" 356
"../../../Engine/Content/EditorResources/SequenceRecorder/Countdown.uasset" 357
"../../../Engine/Content/EditorResources/SequenceRecorder/RecordingIndicator.uasset" 358
"../../../Engine/Content/EditorSounds/Notifications/CompileFailed.uasset" 359
"../../../Engine/Content/EditorSounds/Notifications/CompileFailed_Cue.uasset" 360
"../../../Engine/Content/EditorSounds/Notifications/CompileSuccess.uasset" 361
"../../../Engine/Content/EditorSounds/Notifications/CompileStart_Cue.uasset" 362
"../../../Engine/Content/EditorSounds/Notifications/CompileSuccess_Cue.uasset" 363
"../../../Engine/Content/EngineDamageTypes/DmgTypeBP_Environmental.uasset" 364
"../../../Engine/Content/EngineDebugMaterials/DebugEditorMaterial.uasset" 365
"../../../Engine/Content/EngineDebugMaterials/DebugMeshMaterial.uasset" 366
"../../../Engine/Content/EngineDebugMaterials/M_SimpleTranslucent.uasset" 367
"../../../Engine/Content/Functions/Engine_MaterialFunctions02/Utility/CameraDirectionVector.uasset" 368
"../../../Engine/Content/EngineDebugMaterials/VolumeToRender.uasset" 369
"../../../Engine/Content/EngineDebugMaterials/M_VolumeRenderSphereTracePP.uasset" 370
"../../../Engine/Content/EngineDebugMaterials/WireframeMaterial.uasset" 371
"../../../Engine/Content/EngineFonts/Faces/DroidSansFallback.uasset" 372
"../../../Engine/Content/EngineFonts/Faces/RobotoBold.uasset" 373
"../../../Engine/Content/EngineFonts/Faces/RobotoBoldItalic.uasset" 374
"../../../Engine/Content/EngineFonts/Faces/RobotoItalic.uasset" 375
"../../../Engine/Content/EngineFonts/Faces/RobotoLight.uasset" 376
"../../../Engine/Content/EngineFonts/Faces/RobotoRegular.uasset" 377
"../../../Engine/Content/EngineFonts/Roboto.uasset" 378
"../../../Engine/Content/EngineMaterials/BaseFlattenDiffuseMap.uasset" 379
"../../../Engine/Content/EngineMaterials/BaseFlattenEmissiveMap.uasset" 380
"../../../Engine/Content/EngineMaterials/BaseFlattenGrayscaleMap.uasset" 381
"../../../Engine/Content/EngineMaterials/BaseFlattenNormalMap.uasset" 382
"../../../Engine/Content/EngineMaterials/BaseFlattenMaterial.uasset" 383
"../../../Engine/Content/EngineMaterials/BlueNoise.uasset" 384
"../../../Engine/Content/EngineMaterials/DefaultBloomKernel.uasset" 385
"../../../Engine/Content/EngineMaterials/DefaultBokeh.uasset" 386
"../../../Engine/Content/EngineMaterials/DefaultDiffuse.uasset" 387
"../../../Engine/Content/EngineMaterials/DefaultDeferredDecalMaterial.uasset" 388
"../../../Engine/Content/EngineMaterials/DefaultLightFunctionMaterial.uasset" 389
"../../../Engine/Content/EngineMaterials/DefaultPhysicalMaterial.uasset" 390
"../../../Engine/Content/EngineMaterials/DefaultPostProcessMaterial.uasset" 391
"../../../Engine/Content/EngineMaterials/DefaultTextMaterialOpaque.uasset" 392
"../../../Engine/Content/EngineMaterials/DefaultVirtualTextureMaterial.uasset" 393
"../../../Engine/Content/EngineMaterials/DefaultWhiteGrid.uasset" 394
"../../../Engine/Content/EngineMaterials/DefaultWhiteGrid_Low.uasset" 395
"../../../Engine/Content/EngineMaterials/EmissiveMeshMaterial.uasset" 396
"../../../Engine/Content/EngineMaterials/GizmoMaterial.uasset" 397
"../../../Engine/Content/EngineMaterials/Good64x64TilingNoiseHighFreq.uasset" 398
"../../../Engine/Content/EngineMaterials/HairDefaultMaterial.uasset" 399
"../../../Engine/Content/EngineMaterials/MiniFont.uasset" 400
"../../../Engine/Content/EngineMaterials/InvalidLightmapSettings.uasset" 401
"../../../Engine/Content/EngineMaterials/M_InvalidLightmapSettings.uasset" 402
"../../../Engine/Content/Functions/Engine_MaterialFunctions02/WorldPositionOffset/CameraOffset.uasset" 403
"../../../Engine/Content/EngineMaterials/PhAT_JointLimitMaterial.uasset" 404
"../../../Engine/Content/EngineMaterials/PreintegratedSkinBRDF.uasset" 405
"../../../Engine/Content/EngineMaterials/RemoveSurfaceMaterial.uasset" 406
"../../../Engine/Content/EngineMaterials/WeightMapPlaceholderTexture.uasset" 407
"../../../Engine/Content/EngineResources/WhiteSquareTexture.uasset" 408
"../../../Engine/Content/EngineMaterials/Widget3DPassThrough.uasset" 409
"../../../Engine/Content/EngineMaterials/Widget3DPassThrough_Masked.uasset" 410
"../../../Engine/Content/EngineMaterials/Widget3DPassThrough_Opaque.uasset" 411
"../../../Engine/Content/EngineMaterials/Widget3DPassThrough_Masked_OneSided.uasset" 412
"../../../Engine/Content/EngineMaterials/Widget3DPassThrough_Opaque_OneSided.uasset" 413
"../../../Engine/Content/EngineMaterials/Widget3DPassThrough_Translucent.uasset" 414
"../../../Engine/Content/EngineMaterials/Widget3DPassThrough_Translucent_OneSided.uasset" 415
"../../../Engine/Content/EngineMeshes/Cylinder.uasset" 416
"../../../Engine/Content/EngineResources/Black.uasset" 417
"../../../Engine/Content/EngineResources/DefaultTexture.uasset" 418
"../../../Engine/Content/EngineResources/DefaultTextureCube.uasset" 419
"../../../Engine/Content/EngineResources/DefaultVolumeTexture2D.uasset" 420
"../../../Engine/Content/EngineResources/DefaultVolumeTexture.uasset" 421
"../../../Engine/Content/EngineResources/GradientTexture0.uasset" 422
"../../../Engine/Content/EngineSounds/Master.uasset" 423
"../../../Engine/Content/Functions/Engine_MaterialFunctions01/Shading/ConvertFromDiffSpec.uasset" 424
"../../../Engine/Content/Functions/Engine_MaterialFunctions01/Shading/PowerToRoughness.uasset" 425
"../../../Engine/Content/Maps/Templates/Thumbnails/Default.uasset" 426
"../../../Engine/Content/Maps/Templates/Thumbnails/TimeOfDay.uasset" 427
"../../../Engine/Content/Maps/Templates/Thumbnails/VR-Basic.uasset" 428
"../../../Engine/Content/MobileResources/T_MobileControls_texture.uasset" 429
"../../../Engine/Content/MobileResources/T_MobileMenu2.uasset" 430
"../../../Engine/Content/MobileResources/HUD/AnalogHat.uasset" 431
"../../../Engine/Content/MobileResources/HUD/VirtualJoystick_Background.uasset" 432
"../../../Engine/Content/MobileResources/HUD/VirtualJoystick_Thumb.uasset" 433
"../../../Engine/Content/MobileResources/HUD/DefaultVirtualJoysticks.uasset" 434
"../../../Engine/Content/MobileResources/HUD/LeftVirtualJoystickOnly.uasset" 435
"../../../Engine/Content/MobileResources/HUD/MobileHUDButton1_off.uasset" 436
"../../../Engine/Content/MobileResources/HUD/MobileHUDButton1_on.uasset" 437
"../../../Engine/Content/MobileResources/HUD/MobileHUDButton2_off.uasset" 438
"../../../Engine/Content/MobileResources/HUD/MobileHUDButton2_on.uasset" 439
"../../../Engine/Content/MobileResources/HUD/MobileHUDButton3.uasset" 440
"../../../Engine/Content/MobileResources/HUD/MobileHUDButtonFire.uasset" 441
"../../../Engine/Content/MobileResources/HUD/MobileHUDDirectionPad.uasset" 442
"../../../Engine/Content/MobileResources/HUD/MobileHUDDirectionPad2.uasset" 443
"../../../Engine/Content/MobileResources/HUD/MobileHUDDirectionPad3.uasset" 444
"../../../Engine/Content/MobileResources/HUD/MobileHUDDirectionStick.uasset" 445
"../../../Engine/Content/MobileResources/HUD/T_Castle_ThumbstickInner.uasset" 446
"../../../Engine/Content/MobileResources/HUD/T_Castle_ThumbstickOutter.uasset" 447
"../../../Engine/Content/Tutorial/ContentIntroCurve.uasset" 448
"../../../Engine/Content/Tutorial/Basics/LevelEditorAttract.uasset" 449
"../../../Engine/Content/VREditor/LaserPointer/VR_LaserPower_01.uasset" 450
"../../../Engine/Content/VREditor/TransformGizmo/TransformGizmoMaterial.uasset" 451
"../../../Engine/Content/VREditor/TransformGizmo/TranslucentTransformGizmoMaterial.uasset" 452
"../../../Engine/Content/VREditor/TransformGizmo/BoundingBoxCorner.uasset" 453
"../../../Engine/Content/VREditor/TransformGizmo/BoundingBoxEdge.uasset" 454
"../../../Engine/Content/VREditor/TransformGizmo/PlaneTranslationHandle.uasset" 455
"../../../Engine/Content/VREditor/TransformGizmo/Main.uasset" 456
"../../../Engine/Content/VREditor/TransformGizmo/Xray.uasset" 457
"../../../Engine/Content/VREditor/TransformGizmo/SM_Sequencer_Key.uasset" 458
"../../../Engine/Content/VREditor/TransformGizmo/SM_Sequencer_Node.uasset" 459
"../../Plugins/2D/Paper2D/Content/PlaceholderTextures/DummySpriteTexture.uasset" 460
"../../Plugins/2D/Paper2D/Content/DummySprite.uasset" 461
"../../Plugins/2D/Paper2D/Content/DefaultPaperTerrainMaterial.uasset" 462
"../../Plugins/2D/Paper2D/Content/DummySpriteTexture.uasset" 463
"../../Plugins/2D/Paper2D/Content/DefaultSpriteMaterial.uasset" 464
"../../Plugins/2D/Paper2D/Content/MaskedUnlitSpriteMaterial.uasset" 465
"../../Plugins/2D/Paper2D/Content/OpaqueUnlitSpriteMaterial.uasset" 466
"../../../Engine/Content/Functions/Engine_MaterialFunctions02/Utility/BreakOutFloat4Components.uasset" 467
"../../../Engine/Content/Functions/Engine_MaterialFunctions02/Utility/MakeFloat2.uasset" 468
"../../../Engine/Content/Functions/Engine_MaterialFunctions02/Utility/MakeFloat3.uasset" 469
"../../Plugins/Runtime/Oculus/OculusVR/Content/Materials/OculusMR_ChromaKey.uasset" 470
"../../Plugins/Runtime/Oculus/OculusVR/Content/Materials/OculusMR_ChromaKey_Lit.uasset" 471
"../../Plugins/Runtime/Oculus/OculusVR/Content/Materials/OculusMR_OpaqueColoredMaterial.uasset" 472
"../../Plugins/Runtime/Oculus/OculusVR/Content/Materials/OculusMR_WhiteMaterial.uasset" 473
"../../../Engine/Content/EngineSky/C_Sky_Cloud_Color.uasset" 474
"../../../Engine/Content/EngineSky/C_Sky_Horizon_Color.uasset" 475
"../../../Engine/Content/EngineSky/C_Sky_Zenith_Color.uasset" 476
"../../../Engine/Content/EngineSky/T_Sky_Blue.uasset" 477
"../../../Engine/Content/EngineSky/T_Sky_Clouds_M.uasset" 478
"../../../Engine/Content/EngineSky/T_Sky_Stars.uasset" 479
"../../../Engine/Content/EngineSky/M_Sky_Panning_Clouds2.uasset" 480
"../../../Engine/Content/EngineSky/SM_SkySphere.uasset" 481
"../../../Engine/Content/EngineSky/BP_Sky_Sphere.uasset" 482
"../../../../../../Users/lenovo/Documents/Unreal Projects/Cragls/Content/Actors/M_TextTestInst.uasset" 483
"../../../../../../Users/lenovo/Documents/Unreal Projects/Cragls/Content/Actors/BP_WallText.uasset" 484
"../../../../../../Users/lenovo/Documents/Unreal Projects/Cragls/Content/Actors/Floor/Textures/T_Tech_Hex_Tile_M_Custom.uasset" 485
"../../../../../../Users/lenovo/Documents/Unreal Projects/Cragls/Content/Actors/Floor/Textures/T_Tech_Hex_Tile_N_Custom.uasset" 486
"../../../../../../Users/lenovo/Documents/Unreal Projects/Cragls/Content/Actors/Floor/M_Tech_Hex_Tile_Pulse_Custom.uasset" 487
"../../../../../../Users/lenovo/Documents/Unreal Projects/Cragls/Content/Actors/Floor/FloorMesh.uasset" 488
"../../../../../../Users/lenovo/Documents/Unreal Projects/Cragls/Content/Actors/Floor/BP_Floor.uasset" 489
"../../../../../../Users/lenovo/Documents/Unreal Projects/Cragls/Content/Actors/Car/Materials/M_CarPaint_Gold_Inst.uasset" 490
"../../../../../../Users/lenovo/Documents/Unreal Projects/Cragls/Content/Actors/Car/Materials/M_CarPaint_Green_Inst.uasset" 491
"../../../../../../Users/lenovo/Documents/Unreal Projects/Cragls/Content/Actors/Car/Materials/M_CarPaint_Orange_Inst.uasset" 492
"../../../../../../Users/lenovo/Documents/Unreal Projects/Cragls/Content/Actors/Car/Materials/M_CarPaint_Pink_Inst.uasset" 493
"../../../../../../Users/lenovo/Documents/Unreal Projects/Cragls/Content/Actors/Car/Materials/M_CarPaint_Purple_Inst.uasset" 494
"../../../../../../Users/lenovo/Documents/Unreal Projects/Cragls/Content/Actors/Car/Materials/M_CarPaint_Red_Inst.uasset" 495
"../../../../../../Users/lenovo/Documents/Unreal Projects/Cragls/Content/Actors/Car/Materials/M_CarPaint_Silver_Inst.uasset" 496
"../../../../../../Users/lenovo/Documents/Unreal Projects/Cragls/Content/Actors/Car/Materials/M_CarPaint_White_Inst.uasset" 497
"../../../../../../Users/lenovo/Documents/Unreal Projects/Cragls/Content/Actors/Car/Materials/M_CarPaint_Yellow_Inst.uasset" 498
"../../../../../../Users/lenovo/Documents/Unreal Projects/Cragls/Content/Maps/MySkyRaceGameModeBase.uasset" 499
"../../../../../../Users/lenovo/Documents/Unreal Projects/Cragls/Content/Maps/DefaultMap_BuiltData.uasset" 500
"../../../../../../Users/lenovo/Documents/Unreal Projects/Cragls/Content/Materials/GlowMaterial/NewGlowMaterial.uasset" 501
"../../../../../../Users/lenovo/Documents/Unreal Projects/Cragls/Content/Materials/M_Metal_Steel.uasset" 502
"../../../../../../Users/lenovo/Documents/Unreal Projects/Cragls/Content/Materials/M_Tech_Panel.uasset" 503
"../../../../../../Users/lenovo/Documents/Unreal Projects/Cragls/Content/Materials/GlowMaterial/SimpleGlowMaterial.uasset" 504
"../../../../../../Users/lenovo/Documents/Unreal Projects/Cragls/Content/Materials/GlowMaterial/SimpleGlowMaterial_Inst.uasset" 505
"../../../Engine/Content/BasicShapes/Cube.uasset" 506
"../../../../../../Users/lenovo/Documents/Unreal Projects/Cragls/Content/Maps/DefaultMap.umap" 507
"../../../../../../Users/lenovo/Documents/Unreal Projects/Cragls/Content/StarterContent/Textures/T_Perlin_Noise_M.uasset" 508
"../../../../../../Users/lenovo/Documents/Unreal Projects/Cragls/Content/StarterContent/Textures/T_Rock_Basalt_D.uasset" 509
"../../../../../../Users/lenovo/Documents/Unreal Projects/Cragls/Content/StarterContent/Textures/T_Rock_Basalt_N.uasset" 510
"../../../../../../Users/lenovo/Documents/Unreal Projects/Cragls/Content/Materials/M_Rock_Basalt.uasset" 511
"../../../../../../Users/lenovo/Documents/Unreal Projects/Cragls/Content/Maps/DemoMap.umap" 512
"../../../../../../Users/lenovo/Documents/Unreal Projects/Cragls/Content/Menus/MainMenu/MainMenuLevel_BuiltData.uasset" 513
"../../../../../../Users/lenovo/Documents/Unreal Projects/Cragls/Content/Music/MainMenu/Epic-Computer-Game-Hip-Hop-Music.uasset" 514
"../../../../../../Users/lenovo/Documents/Unreal Projects/Cragls/Content/Music/MainMenu/ride-the-wave-short.uasset" 515
"../../../../../../Users/lenovo/Documents/Unreal Projects/Cragls/Content/Music/MainMenu/Simple-Mathematics.uasset" 516
"../../../../../../Users/lenovo/Documents/Unreal Projects/Cragls/Content/Music/MainMenu/MenuMusicCue.uasset" 517
"../../../../../../Users/lenovo/Documents/Unreal Projects/Cragls/Content/Menus/MainMenu/MainMenuLevel.umap" 518
"../../../Engine/Content/Maps/Entry_BuiltData.uasset" 519
"../../../Engine/Content/Maps/Entry.umap" 520
